  Skeleton.cpp
D:\Zsombi\BME\2019-2020-2\grafika\hf\hf2\GrafikaHaziCsomag\Programs\Skeleton\Skeleton\framework.h(167,17): warning C4996: 'fopen': This function or variable may be unsafe. Consider using fopen_s instead. To disable deprecation, use _CRT_SECURE_NO_WARNINGS. See online help for details.
D:\Zsombi\BME\2019-2020-2\grafika\hf\hf2\GrafikaHaziCsomag\Programs\Skeleton\Skeleton\Skeleton.cpp(56,1): warning C4305: 'argument': truncation from 'double' to 'float'
D:\Zsombi\BME\2019-2020-2\grafika\hf\hf2\GrafikaHaziCsomag\Programs\Skeleton\Skeleton\Skeleton.cpp(249,156): warning C4244: 'argument': conversion from 'double' to 'float', possible loss of data
D:\Zsombi\BME\2019-2020-2\grafika\hf\hf2\GrafikaHaziCsomag\Programs\Skeleton\Skeleton\Skeleton.cpp(249,109): warning C4244: 'argument': conversion from 'double' to 'float', possible loss of data
D:\Zsombi\BME\2019-2020-2\grafika\hf\hf2\GrafikaHaziCsomag\Programs\Skeleton\Skeleton\Skeleton.cpp(249,63): warning C4244: 'argument': conversion from 'double' to 'float', possible loss of data
D:\Zsombi\BME\2019-2020-2\grafika\hf\hf2\GrafikaHaziCsomag\Programs\Skeleton\Skeleton\Skeleton.cpp(296,156): warning C4244: 'argument': conversion from 'double' to 'float', possible loss of data
D:\Zsombi\BME\2019-2020-2\grafika\hf\hf2\GrafikaHaziCsomag\Programs\Skeleton\Skeleton\Skeleton.cpp(296,109): warning C4244: 'argument': conversion from 'double' to 'float', possible loss of data
D:\Zsombi\BME\2019-2020-2\grafika\hf\hf2\GrafikaHaziCsomag\Programs\Skeleton\Skeleton\Skeleton.cpp(296,63): warning C4244: 'argument': conversion from 'double' to 'float', possible loss of data
D:\Zsombi\BME\2019-2020-2\grafika\hf\hf2\GrafikaHaziCsomag\Programs\Skeleton\Skeleton\Skeleton.cpp(341,1): warning C4305: 'argument': truncation from 'double' to 'float'
D:\Zsombi\BME\2019-2020-2\grafika\hf\hf2\GrafikaHaziCsomag\Programs\Skeleton\Skeleton\Skeleton.cpp(342,1): warning C4305: 'initializing': truncation from 'double' to 'float'
D:\Zsombi\BME\2019-2020-2\grafika\hf\hf2\GrafikaHaziCsomag\Programs\Skeleton\Skeleton\Skeleton.cpp(347,1): warning C4305: 'argument': truncation from 'double' to 'float'
D:\Zsombi\BME\2019-2020-2\grafika\hf\hf2\GrafikaHaziCsomag\Programs\Skeleton\Skeleton\Skeleton.cpp(356,1): warning C4305: 'argument': truncation from 'double' to 'float'
D:\Zsombi\BME\2019-2020-2\grafika\hf\hf2\GrafikaHaziCsomag\Programs\Skeleton\Skeleton\Skeleton.cpp(359,1): warning C4305: 'argument': truncation from 'double' to 'float'
D:\Zsombi\BME\2019-2020-2\grafika\hf\hf2\GrafikaHaziCsomag\Programs\Skeleton\Skeleton\Skeleton.cpp(372,1): warning C4305: 'argument': truncation from 'double' to 'float'
D:\Zsombi\BME\2019-2020-2\grafika\hf\hf2\GrafikaHaziCsomag\Programs\Skeleton\Skeleton\Skeleton.cpp(374,1): warning C4305: 'argument': truncation from 'double' to 'float'
D:\Zsombi\BME\2019-2020-2\grafika\hf\hf2\GrafikaHaziCsomag\Programs\Skeleton\Skeleton\Skeleton.cpp(375,1): warning C4305: 'argument': truncation from 'double' to 'float'
D:\Zsombi\BME\2019-2020-2\grafika\hf\hf2\GrafikaHaziCsomag\Programs\Skeleton\Skeleton\Skeleton.cpp(376,1): warning C4305: 'argument': truncation from 'double' to 'float'
D:\Zsombi\BME\2019-2020-2\grafika\hf\hf2\GrafikaHaziCsomag\Programs\Skeleton\Skeleton\Skeleton.cpp(382,44): warning C4244: 'argument': conversion from 'double' to 'float', possible loss of data
D:\Zsombi\BME\2019-2020-2\grafika\hf\hf2\GrafikaHaziCsomag\Programs\Skeleton\Skeleton\Skeleton.cpp(403,58): warning C4244: 'argument': conversion from 'double' to 'float', possible loss of data
D:\Zsombi\BME\2019-2020-2\grafika\hf\hf2\GrafikaHaziCsomag\Programs\Skeleton\Skeleton\Skeleton.cpp(417,14): warning C4244: 'initializing': conversion from 'double' to 'float', possible loss of data
D:\Zsombi\BME\2019-2020-2\grafika\hf\hf2\GrafikaHaziCsomag\Programs\Skeleton\Skeleton\Skeleton.cpp(421,20): warning C4244: 'initializing': conversion from 'double' to 'float', possible loss of data
D:\Zsombi\BME\2019-2020-2\grafika\hf\hf2\GrafikaHaziCsomag\Programs\Skeleton\Skeleton\Skeleton.cpp(429,20): warning C4244: 'initializing': conversion from 'double' to 'float', possible loss of data
D:\Zsombi\BME\2019-2020-2\grafika\hf\hf2\GrafikaHaziCsomag\Programs\Skeleton\Skeleton\Skeleton.cpp(442,62): warning C4244: 'argument': conversion from 'double' to 'float', possible loss of data
  Generating code
  2 of 313 functions ( 0.6%) were compiled, the rest were copied from previous compilation.
    0 functions were new in current compilation
    1 functions had inline decision re-evaluated but remain unchanged
  Finished generating code
  Skeleton.vcxproj -> D:\Zsombi\BME\2019-2020-2\grafika\hf\hf2\GrafikaHaziCsomag\Programs\Skeleton\bin\Skeleton.exe
